<?xml version="1.0" encoding="UTF-8"?>
<robot generator="Robot 6.1.1 (Python 3.8.7 on win32)" generated="20231030 22:48:17.544" rpa="false" schemaversion="4">
<suite id="s1" name="Loginsatrio" source="E:\Sanber50\Sanber50-MobileAutomation-Kelompok3\suites\loginsatrio.robot">
<test id="s1-t1" name="User Should Be Able Login Appears" line="9">
<kw name="Open Flight Application" library="base">
<kw name="Open Application" library="AppiumLibrary">
<arg>${REMOTE_URL}</arg>
<arg>platformName=${PLATFORM_NAME}</arg>
<arg>platformVersion=${PLATFORM_VERSION}</arg>
<arg>deviceName=emulator-5554</arg>
<arg>appPackage=com.example.myapplication</arg>
<arg>appActivity=com.example.myapplication.MainActivity</arg>
<arg>appSigninActivity=com.example.myapplication.Login</arg>
<doc>Opens a new application to given Appium server.
Capabilities of appium server, Android and iOS,
Please check https://github.com/appium/appium/blob/master/docs/en/writing-running-appium/server-args.md
| *Option*            | *Man.* | *Description*     |
| remote_url          | Yes    | Appium server url |
| alias               | no     | alias             |
| strict_ssl          | No     | allows you to send commands to an invalid certificate host like a self-signed one. |</doc>
<kw name="Capture Page Screenshot" library="AppiumLibrary">
<doc>Takes a screenshot of the current page and embeds it into the log.</doc>
<msg timestamp="20231030 22:49:24.520" level="FAIL">No application is open</msg>
<status status="FAIL" starttime="20231030 22:49:24.519" endtime="20231030 22:49:24.640"/>
</kw>
<msg timestamp="20231030 22:49:24.643" level="WARN">Keyword 'Capture Page Screenshot' could not be run on failure: No application is open</msg>
<msg timestamp="20231030 22:49:24.682" level="FAIL">WebDriverException: Message: An unknown server-side error occurred while processing the command. Original error: Unable to find an active device or emulator with OS 11.0. The following are available: emulator-5554 (7.1.1)
Stacktrace:
UnknownError: An unknown server-side error occurred while processing the command. Original error: Unable to find an active device or emulator with OS 11.0. The following are available: emulator-5554 (7.1.1)
    at getResponseForW3CError (C:\Program Files\Appium Server GUI\resources\app\node_modules\appium\node_modules\appium-base-driver\lib\protocol\errors.js:804:9)
    at asyncHandler (C:\Program Files\Appium Server GUI\resources\app\node_modules\appium\node_modules\appium-base-driver\lib\protocol\protocol.js:380:37)</msg>
<status status="FAIL" starttime="20231030 22:48:42.677" endtime="20231030 22:49:24.684"/>
</kw>
<status status="FAIL" starttime="20231030 22:48:42.676" endtime="20231030 22:49:24.684"/>
</kw>
<kw name="Verify Login Page Appears" library="loginsatrio">
<status status="NOT RUN" starttime="20231030 22:49:24.685" endtime="20231030 22:49:24.685"/>
</kw>
<kw name="Click Element" library="AppiumLibrary">
<arg>${Buttonsignin}</arg>
<doc>Click element identified by `locator`.</doc>
<status status="NOT RUN" starttime="20231030 22:49:24.686" endtime="20231030 22:49:24.686"/>
</kw>
<kw name="Input Username" library="loginsatrio">
<arg>username_login=support@ngendigital.com</arg>
<status status="NOT RUN" starttime="20231030 22:49:24.687" endtime="20231030 22:49:24.687"/>
</kw>
<kw name="Input Passwoord" library="loginsatrio">
<arg>password_login=abc123</arg>
<status status="NOT RUN" starttime="20231030 22:49:24.687" endtime="20231030 22:49:24.687"/>
</kw>
<kw name="Klik button signin to Login Page" library="loginsatrio">
<status status="NOT RUN" starttime="20231030 22:49:24.688" endtime="20231030 22:49:24.688"/>
</kw>
<status status="FAIL" starttime="20231030 22:48:42.674" endtime="20231030 22:49:24.688">WebDriverException: Message: An unknown server-side error occurred while processing the command. Original error: Unable to find an active device or emulator with OS 11.0. The following are available: emulator-5554 (7.1.1)
Stacktrace:
UnknownError: An unknown server-side error occurred while processing the command. Original error: Unable to find an active device or emulator with OS 11.0. The following are available: emulator-5554 (7.1.1)
    at getResponseForW3CError (C:\Program Files\Appium Server GUI\resources\app\node_modules\appium\node_modules\appium-base-driver\lib\protocol\errors.js:804:9)
    at asyncHandler (C:\Program Files\Appium Server GUI\resources\app\node_modules\appium\node_modules\appium-base-driver\lib\protocol\protocol.js:380:37)</status>
</test>
<status status="FAIL" starttime="20231030 22:48:17.551" endtime="20231030 22:49:24.819"/>
</suite>
<statistics>
<total>
<stat pass="0" fail="1" skip="0">All Tests</stat>
</total>
<tag>
</tag>
<suite>
<stat pass="0" fail="1" skip="0" id="s1" name="Loginsatrio">Loginsatrio</stat>
</suite>
</statistics>
<errors>
<msg timestamp="20231030 22:49:24.643" level="WARN">Keyword 'Capture Page Screenshot' could not be run on failure: No application is open</msg>
</errors>
</robot>
