<?xml version="1.0" encoding="UTF-8"?>
<robot generator="Robot 6.1.1 (Python 3.8.7 on win32)" generated="20231030 21:56:24.794" rpa="false" schemaversion="4">
<suite id="s1" name="Sign In" source="E:\Sanber50\Sanber50-MobileAutomation-Kelompok3\suites\sign_in.robot">
<test id="s1-t1" name="Verify Successfully Login Flight App" line="7">
<kw name="Open Flight Application" library="base2">
<kw name="Open Application" library="AppiumLibrary">
<arg>${REMOTE_URL}</arg>
<arg>platformName=${PLATFORM_NAME}</arg>
<arg>platformVersion=${PLATFORM_VERSION}</arg>
<arg>deviceName=${DEVICE_NAME}</arg>
<arg>appPackage=${PACKAGE_NAME}</arg>
<arg>appActivity=${ACTIVITY_NAME}</arg>
<doc>Opens a new application to given Appium server.
Capabilities of appium server, Android and iOS,
Please check https://github.com/appium/appium/blob/master/docs/en/writing-running-appium/server-args.md
| *Option*            | *Man.* | *Description*     |
| remote_url          | Yes    | Appium server url |
| alias               | no     | alias             |
| strict_ssl          | No     | allows you to send commands to an invalid certificate host like a self-signed one. |</doc>
<status status="PASS" starttime="20231030 21:56:30.482" endtime="20231030 21:57:19.054"/>
</kw>
<status status="PASS" starttime="20231030 21:56:30.481" endtime="20231030 21:57:19.054"/>
</kw>
<kw name="Click Button Sign In" library="sign_in">
<kw name="Click Element" library="AppiumLibrary">
<arg>${signInBtn}</arg>
<doc>Click element identified by `locator`.</doc>
<msg timestamp="20231030 21:57:19.062" level="INFO">Clicking element 'com.example.myapplication:id/login'.</msg>
<msg timestamp="20231030 21:57:23.110" level="INFO">criteria is com.example.myapplication:id/login</msg>
<status status="PASS" starttime="20231030 21:57:19.057" endtime="20231030 21:57:23.111"/>
</kw>
<status status="PASS" starttime="20231030 21:57:19.056" endtime="20231030 21:57:23.111"/>
</kw>
<kw name="Input Valid Username" library="sign_in">
<kw name="Wait Until Element Is Visible" library="AppiumLibrary">
<arg>${username}</arg>
<doc>Waits until element specified with `locator` is visible.</doc>
<msg timestamp="20231030 21:57:26.388" level="INFO">criteria is com.example.myapplication:id/username
criteria is com.example.myapplication:id/username
criteria is com.example.myapplication:id/username</msg>
<status status="PASS" starttime="20231030 21:57:23.125" endtime="20231030 21:57:26.389"/>
</kw>
<kw name="Input Text" library="AppiumLibrary">
<arg>${username}</arg>
<arg>${valid_username}</arg>
<doc>Types the given `text` into text field identified by `locator`.</doc>
<msg timestamp="20231030 21:57:26.395" level="INFO">Typing text 'support@ngendigital.com' into text field 'com.example.myapplication:id/username'</msg>
<msg timestamp="20231030 21:57:27.619" level="INFO">criteria is com.example.myapplication:id/username</msg>
<status status="PASS" starttime="20231030 21:57:26.389" endtime="20231030 21:57:27.619"/>
</kw>
<status status="PASS" starttime="20231030 21:57:23.124" endtime="20231030 21:57:27.619"/>
</kw>
<kw name="Input Valid Password" library="sign_in">
<kw name="Wait Until Element Is Visible" library="AppiumLibrary">
<arg>${username}</arg>
<doc>Waits until element specified with `locator` is visible.</doc>
<msg timestamp="20231030 21:57:28.172" level="INFO">criteria is com.example.myapplication:id/username</msg>
<status status="PASS" starttime="20231030 21:57:27.622" endtime="20231030 21:57:28.172"/>
</kw>
<kw name="Input Text" library="AppiumLibrary">
<arg>${username}</arg>
<arg>${valid_password}</arg>
<doc>Types the given `text` into text field identified by `locator`.</doc>
<msg timestamp="20231030 21:57:28.179" level="INFO">Typing text 'abc123' into text field 'com.example.myapplication:id/username'</msg>
<msg timestamp="20231030 21:57:28.827" level="INFO">criteria is com.example.myapplication:id/username</msg>
<status status="PASS" starttime="20231030 21:57:28.173" endtime="20231030 21:57:28.827"/>
</kw>
<status status="PASS" starttime="20231030 21:57:27.621" endtime="20231030 21:57:28.828"/>
</kw>
<kw name="Click Sign In" library="sign_in">
<kw name="Click Element" library="AppiumLibrary">
<arg>${loginBtn}</arg>
<doc>Click element identified by `locator`.</doc>
<msg timestamp="20231030 21:57:28.846" level="INFO">Clicking element 'com.example.myapplication:id/signIn'.</msg>
<msg timestamp="20231030 21:57:29.365" level="INFO">criteria is com.example.myapplication:id/signIn</msg>
<status status="PASS" starttime="20231030 21:57:28.841" endtime="20231030 21:57:29.365"/>
</kw>
<status status="PASS" starttime="20231030 21:57:28.840" endtime="20231030 21:57:29.365"/>
</kw>
<status status="PASS" starttime="20231030 21:56:30.480" endtime="20231030 21:57:29.373"/>
</test>
<test id="s1-t2" name="Unsuccessful Login with Invalid Email and Password" line="14">
<kw name="Open Flight Application" library="base2">
<kw name="Open Application" library="AppiumLibrary">
<arg>${REMOTE_URL}</arg>
<arg>platformName=${PLATFORM_NAME}</arg>
<arg>platformVersion=${PLATFORM_VERSION}</arg>
<arg>deviceName=${DEVICE_NAME}</arg>
<arg>appPackage=${PACKAGE_NAME}</arg>
<arg>appActivity=${ACTIVITY_NAME}</arg>
<doc>Opens a new application to given Appium server.
Capabilities of appium server, Android and iOS,
Please check https://github.com/appium/appium/blob/master/docs/en/writing-running-appium/server-args.md
| *Option*            | *Man.* | *Description*     |
| remote_url          | Yes    | Appium server url |
| alias               | no     | alias             |
| strict_ssl          | No     | allows you to send commands to an invalid certificate host like a self-signed one. |</doc>
<status status="PASS" starttime="20231030 21:57:29.376" endtime="20231030 21:57:50.742"/>
</kw>
<status status="PASS" starttime="20231030 21:57:29.375" endtime="20231030 21:57:50.743"/>
</kw>
<kw name="Click Button Sign In" library="sign_in">
<kw name="Click Element" library="AppiumLibrary">
<arg>${signInBtn}</arg>
<doc>Click element identified by `locator`.</doc>
<msg timestamp="20231030 21:57:50.764" level="INFO">Clicking element 'com.example.myapplication:id/login'.</msg>
<msg timestamp="20231030 21:57:50.984" level="INFO">criteria is com.example.myapplication:id/login</msg>
<status status="PASS" starttime="20231030 21:57:50.758" endtime="20231030 21:57:50.984"/>
</kw>
<status status="PASS" starttime="20231030 21:57:50.757" endtime="20231030 21:57:50.985"/>
</kw>
<kw name="Input Invalid username" library="sign_in">
<kw name="Wait Until Element Is Visible" library="AppiumLibrary">
<arg>${username}</arg>
<doc>Waits until element specified with `locator` is visible.</doc>
<msg timestamp="20231030 21:57:54.309" level="INFO">criteria is com.example.myapplication:id/username
criteria is com.example.myapplication:id/username
criteria is com.example.myapplication:id/username</msg>
<status status="PASS" starttime="20231030 21:57:50.988" endtime="20231030 21:57:54.309"/>
</kw>
<kw name="Input Text" library="AppiumLibrary">
<arg>${username}</arg>
<arg>${invalid_username}</arg>
<doc>Types the given `text` into text field identified by `locator`.</doc>
<msg timestamp="20231030 21:57:54.316" level="INFO">Typing text 'lilyan@gmail.com' into text field 'com.example.myapplication:id/username'</msg>
<msg timestamp="20231030 21:57:54.420" level="INFO">criteria is com.example.myapplication:id/username</msg>
<status status="PASS" starttime="20231030 21:57:54.310" endtime="20231030 21:57:54.421"/>
</kw>
<status status="PASS" starttime="20231030 21:57:50.986" endtime="20231030 21:57:54.421"/>
</kw>
<kw name="Input Invalid Password" library="sign_in">
<kw name="Wait Until Element Is Visible" library="AppiumLibrary">
<arg>${username}</arg>
<doc>Waits until element specified with `locator` is visible.</doc>
<msg timestamp="20231030 21:57:54.974" level="INFO">criteria is com.example.myapplication:id/username</msg>
<status status="PASS" starttime="20231030 21:57:54.426" endtime="20231030 21:57:54.974"/>
</kw>
<kw name="Input Text" library="AppiumLibrary">
<arg>${username}</arg>
<arg>${invalid_password}</arg>
<doc>Types the given `text` into text field identified by `locator`.</doc>
<msg timestamp="20231030 21:57:55.016" level="INFO">Typing text '123abc' into text field 'com.example.myapplication:id/username'</msg>
<msg timestamp="20231030 21:57:55.630" level="INFO">criteria is com.example.myapplication:id/username</msg>
<status status="PASS" starttime="20231030 21:57:54.975" endtime="20231030 21:57:55.630"/>
</kw>
<status status="PASS" starttime="20231030 21:57:54.425" endtime="20231030 21:57:55.630"/>
</kw>
<kw name="Click Sign In" library="sign_in">
<kw name="Click Element" library="AppiumLibrary">
<arg>${loginBtn}</arg>
<doc>Click element identified by `locator`.</doc>
<msg timestamp="20231030 21:57:55.642" level="INFO">Clicking element 'com.example.myapplication:id/signIn'.</msg>
<msg timestamp="20231030 21:57:56.216" level="INFO">criteria is com.example.myapplication:id/signIn</msg>
<status status="PASS" starttime="20231030 21:57:55.635" endtime="20231030 21:57:56.217"/>
</kw>
<status status="PASS" starttime="20231030 21:57:55.634" endtime="20231030 21:57:56.217"/>
</kw>
<status status="PASS" starttime="20231030 21:57:29.374" endtime="20231030 21:57:56.225"/>
</test>
<test id="s1-t3" name="Login with Valid Username and Invalid Password" line="21">
<kw name="Open Flight Application" library="base2">
<kw name="Open Application" library="AppiumLibrary">
<arg>${REMOTE_URL}</arg>
<arg>platformName=${PLATFORM_NAME}</arg>
<arg>platformVersion=${PLATFORM_VERSION}</arg>
<arg>deviceName=${DEVICE_NAME}</arg>
<arg>appPackage=${PACKAGE_NAME}</arg>
<arg>appActivity=${ACTIVITY_NAME}</arg>
<doc>Opens a new application to given Appium server.
Capabilities of appium server, Android and iOS,
Please check https://github.com/appium/appium/blob/master/docs/en/writing-running-appium/server-args.md
| *Option*            | *Man.* | *Description*     |
| remote_url          | Yes    | Appium server url |
| alias               | no     | alias             |
| strict_ssl          | No     | allows you to send commands to an invalid certificate host like a self-signed one. |</doc>
<status status="PASS" starttime="20231030 21:57:56.238" endtime="20231030 21:58:14.730"/>
</kw>
<status status="PASS" starttime="20231030 21:57:56.236" endtime="20231030 21:58:14.730"/>
</kw>
<kw name="Click Button Sign In" library="sign_in">
<kw name="Click Element" library="AppiumLibrary">
<arg>${signInBtn}</arg>
<doc>Click element identified by `locator`.</doc>
<msg timestamp="20231030 21:58:14.743" level="INFO">Clicking element 'com.example.myapplication:id/login'.</msg>
<msg timestamp="20231030 21:58:15.365" level="INFO">criteria is com.example.myapplication:id/login</msg>
<status status="PASS" starttime="20231030 21:58:14.735" endtime="20231030 21:58:15.366"/>
</kw>
<status status="PASS" starttime="20231030 21:58:14.734" endtime="20231030 21:58:15.366"/>
</kw>
<kw name="Input Valid Username" library="sign_in">
<kw name="Wait Until Element Is Visible" library="AppiumLibrary">
<arg>${username}</arg>
<doc>Waits until element specified with `locator` is visible.</doc>
<msg timestamp="20231030 21:58:18.491" level="INFO">criteria is com.example.myapplication:id/username
criteria is com.example.myapplication:id/username
criteria is com.example.myapplication:id/username</msg>
<status status="PASS" starttime="20231030 21:58:15.368" endtime="20231030 21:58:18.491"/>
</kw>
<kw name="Input Text" library="AppiumLibrary">
<arg>${username}</arg>
<arg>${valid_username}</arg>
<doc>Types the given `text` into text field identified by `locator`.</doc>
<msg timestamp="20231030 21:58:18.498" level="INFO">Typing text 'support@ngendigital.com' into text field 'com.example.myapplication:id/username'</msg>
<msg timestamp="20231030 21:58:18.604" level="INFO">criteria is com.example.myapplication:id/username</msg>
<status status="PASS" starttime="20231030 21:58:18.493" endtime="20231030 21:58:18.604"/>
</kw>
<status status="PASS" starttime="20231030 21:58:15.367" endtime="20231030 21:58:18.605"/>
</kw>
<kw name="Input Invalid Password" library="sign_in">
<kw name="Wait Until Element Is Visible" library="AppiumLibrary">
<arg>${username}</arg>
<doc>Waits until element specified with `locator` is visible.</doc>
<msg timestamp="20231030 21:58:19.156" level="INFO">criteria is com.example.myapplication:id/username</msg>
<status status="PASS" starttime="20231030 21:58:18.616" endtime="20231030 21:58:19.157"/>
</kw>
<kw name="Input Text" library="AppiumLibrary">
<arg>${username}</arg>
<arg>${invalid_password}</arg>
<doc>Types the given `text` into text field identified by `locator`.</doc>
<msg timestamp="20231030 21:58:19.164" level="INFO">Typing text '123abc' into text field 'com.example.myapplication:id/username'</msg>
<msg timestamp="20231030 21:58:19.764" level="INFO">criteria is com.example.myapplication:id/username</msg>
<status status="PASS" starttime="20231030 21:58:19.157" endtime="20231030 21:58:19.764"/>
</kw>
<status status="PASS" starttime="20231030 21:58:18.615" endtime="20231030 21:58:19.765"/>
</kw>
<kw name="Click Sign In" library="sign_in">
<kw name="Click Element" library="AppiumLibrary">
<arg>${loginBtn}</arg>
<doc>Click element identified by `locator`.</doc>
<msg timestamp="20231030 21:58:19.781" level="INFO">Clicking element 'com.example.myapplication:id/signIn'.</msg>
<msg timestamp="20231030 21:58:20.332" level="INFO">criteria is com.example.myapplication:id/signIn</msg>
<status status="PASS" starttime="20231030 21:58:19.774" endtime="20231030 21:58:20.332"/>
</kw>
<status status="PASS" starttime="20231030 21:58:19.772" endtime="20231030 21:58:20.333"/>
</kw>
<status status="PASS" starttime="20231030 21:57:56.235" endtime="20231030 21:58:20.335"/>
</test>
<test id="s1-t4" name="Login with Invalid Username and Valid Password" line="28">
<kw name="Open Flight Application" library="base2">
<kw name="Open Application" library="AppiumLibrary">
<arg>${REMOTE_URL}</arg>
<arg>platformName=${PLATFORM_NAME}</arg>
<arg>platformVersion=${PLATFORM_VERSION}</arg>
<arg>deviceName=${DEVICE_NAME}</arg>
<arg>appPackage=${PACKAGE_NAME}</arg>
<arg>appActivity=${ACTIVITY_NAME}</arg>
<doc>Opens a new application to given Appium server.
Capabilities of appium server, Android and iOS,
Please check https://github.com/appium/appium/blob/master/docs/en/writing-running-appium/server-args.md
| *Option*            | *Man.* | *Description*     |
| remote_url          | Yes    | Appium server url |
| alias               | no     | alias             |
| strict_ssl          | No     | allows you to send commands to an invalid certificate host like a self-signed one. |</doc>
<status status="PASS" starttime="20231030 21:58:20.341" endtime="20231030 21:58:37.073"/>
</kw>
<status status="PASS" starttime="20231030 21:58:20.339" endtime="20231030 21:58:37.073"/>
</kw>
<kw name="Click Button Sign In" library="sign_in">
<kw name="Click Element" library="AppiumLibrary">
<arg>${signInBtn}</arg>
<doc>Click element identified by `locator`.</doc>
<msg timestamp="20231030 21:58:37.084" level="INFO">Clicking element 'com.example.myapplication:id/login'.</msg>
<msg timestamp="20231030 21:58:37.675" level="INFO">criteria is com.example.myapplication:id/login</msg>
<status status="PASS" starttime="20231030 21:58:37.076" endtime="20231030 21:58:37.675"/>
</kw>
<status status="PASS" starttime="20231030 21:58:37.075" endtime="20231030 21:58:37.675"/>
</kw>
<kw name="Input Invalid username" library="sign_in">
<kw name="Wait Until Element Is Visible" library="AppiumLibrary">
<arg>${username}</arg>
<doc>Waits until element specified with `locator` is visible.</doc>
<msg timestamp="20231030 21:58:40.840" level="INFO">criteria is com.example.myapplication:id/username
criteria is com.example.myapplication:id/username
criteria is com.example.myapplication:id/username</msg>
<status status="PASS" starttime="20231030 21:58:37.678" endtime="20231030 21:58:40.840"/>
</kw>
<kw name="Input Text" library="AppiumLibrary">
<arg>${username}</arg>
<arg>${invalid_username}</arg>
<doc>Types the given `text` into text field identified by `locator`.</doc>
<msg timestamp="20231030 21:58:40.848" level="INFO">Typing text 'lilyan@gmail.com' into text field 'com.example.myapplication:id/username'</msg>
<msg timestamp="20231030 21:58:40.955" level="INFO">criteria is com.example.myapplication:id/username</msg>
<status status="PASS" starttime="20231030 21:58:40.841" endtime="20231030 21:58:40.955"/>
</kw>
<status status="PASS" starttime="20231030 21:58:37.677" endtime="20231030 21:58:40.955"/>
</kw>
<kw name="Input Valid Password" library="sign_in">
<kw name="Wait Until Element Is Visible" library="AppiumLibrary">
<arg>${username}</arg>
<doc>Waits until element specified with `locator` is visible.</doc>
<msg timestamp="20231030 21:58:41.516" level="INFO">criteria is com.example.myapplication:id/username</msg>
<status status="PASS" starttime="20231030 21:58:40.958" endtime="20231030 21:58:41.516"/>
</kw>
<kw name="Input Text" library="AppiumLibrary">
<arg>${username}</arg>
<arg>${valid_password}</arg>
<doc>Types the given `text` into text field identified by `locator`.</doc>
<msg timestamp="20231030 21:58:41.522" level="INFO">Typing text 'abc123' into text field 'com.example.myapplication:id/username'</msg>
<msg timestamp="20231030 21:58:42.127" level="INFO">criteria is com.example.myapplication:id/username</msg>
<status status="PASS" starttime="20231030 21:58:41.517" endtime="20231030 21:58:42.127"/>
</kw>
<status status="PASS" starttime="20231030 21:58:40.957" endtime="20231030 21:58:42.128"/>
</kw>
<kw name="Click Sign In" library="sign_in">
<kw name="Click Element" library="AppiumLibrary">
<arg>${loginBtn}</arg>
<doc>Click element identified by `locator`.</doc>
<msg timestamp="20231030 21:58:42.144" level="INFO">Clicking element 'com.example.myapplication:id/signIn'.</msg>
<msg timestamp="20231030 21:58:42.710" level="INFO">criteria is com.example.myapplication:id/signIn</msg>
<status status="PASS" starttime="20231030 21:58:42.138" endtime="20231030 21:58:42.711"/>
</kw>
<status status="PASS" starttime="20231030 21:58:42.137" endtime="20231030 21:58:42.711"/>
</kw>
<status status="PASS" starttime="20231030 21:58:20.338" endtime="20231030 21:58:42.720"/>
</test>
<test id="s1-t5" name="Login With Blank Username And Password" line="35">
<kw name="Open Flight Application" library="base2">
<kw name="Open Application" library="AppiumLibrary">
<arg>${REMOTE_URL}</arg>
<arg>platformName=${PLATFORM_NAME}</arg>
<arg>platformVersion=${PLATFORM_VERSION}</arg>
<arg>deviceName=${DEVICE_NAME}</arg>
<arg>appPackage=${PACKAGE_NAME}</arg>
<arg>appActivity=${ACTIVITY_NAME}</arg>
<doc>Opens a new application to given Appium server.
Capabilities of appium server, Android and iOS,
Please check https://github.com/appium/appium/blob/master/docs/en/writing-running-appium/server-args.md
| *Option*            | *Man.* | *Description*     |
| remote_url          | Yes    | Appium server url |
| alias               | no     | alias             |
| strict_ssl          | No     | allows you to send commands to an invalid certificate host like a self-signed one. |</doc>
<status status="PASS" starttime="20231030 21:58:42.729" endtime="20231030 21:59:02.464"/>
</kw>
<status status="PASS" starttime="20231030 21:58:42.728" endtime="20231030 21:59:02.464"/>
</kw>
<kw name="Click Button Sign In" library="sign_in">
<kw name="Click Element" library="AppiumLibrary">
<arg>${signInBtn}</arg>
<doc>Click element identified by `locator`.</doc>
<msg timestamp="20231030 21:59:02.527" level="INFO">Clicking element 'com.example.myapplication:id/login'.</msg>
<msg timestamp="20231030 21:59:03.245" level="INFO">criteria is com.example.myapplication:id/login</msg>
<status status="PASS" starttime="20231030 21:59:02.519" endtime="20231030 21:59:03.246"/>
</kw>
<status status="PASS" starttime="20231030 21:59:02.518" endtime="20231030 21:59:03.246"/>
</kw>
<kw name="Input Blank Username and Blank Password" library="sign_in">
<kw name="Wait Until Element Is Visible" library="AppiumLibrary">
<arg>${username}</arg>
<doc>Waits until element specified with `locator` is visible.</doc>
<msg timestamp="20231030 21:59:06.248" level="INFO">criteria is com.example.myapplication:id/username
criteria is com.example.myapplication:id/username
criteria is com.example.myapplication:id/username</msg>
<status status="PASS" starttime="20231030 21:59:03.257" endtime="20231030 21:59:06.248"/>
</kw>
<status status="PASS" starttime="20231030 21:59:03.256" endtime="20231030 21:59:06.248"/>
</kw>
<kw name="Click Sign In" library="sign_in">
<kw name="Click Element" library="AppiumLibrary">
<arg>${loginBtn}</arg>
<doc>Click element identified by `locator`.</doc>
<msg timestamp="20231030 21:59:06.258" level="INFO">Clicking element 'com.example.myapplication:id/signIn'.</msg>
<msg timestamp="20231030 21:59:06.393" level="INFO">criteria is com.example.myapplication:id/signIn</msg>
<status status="PASS" starttime="20231030 21:59:06.250" endtime="20231030 21:59:06.394"/>
</kw>
<status status="PASS" starttime="20231030 21:59:06.249" endtime="20231030 21:59:06.394"/>
</kw>
<status status="PASS" starttime="20231030 21:58:42.724" endtime="20231030 21:59:06.400"/>
</test>
<status status="PASS" starttime="20231030 21:56:24.814" endtime="20231030 21:59:06.690"/>
</suite>
<statistics>
<total>
<stat pass="5" fail="0" skip="0">All Tests</stat>
</total>
<tag>
</tag>
<suite>
<stat pass="5" fail="0" skip="0" id="s1" name="Sign In">Sign In</stat>
</suite>
</statistics>
<errors>
</errors>
</robot>
